0 info it worked if it ends with ok
1 verbose cli [ 'C:\\Program Files\\nodejs\\node.exe',
1 verbose cli   'C:\\Program Files\\nodejs\\node_modules\\npm\\bin\\npm-cli.js',
1 verbose cli   'run',
1 verbose cli   'build' ]
2 info using npm@3.10.8
3 info using node@v6.9.1
4 verbose run-script [ 'prebuild', 'build', 'postbuild' ]
5 info lifecycle cleanearth.life@1.0.0~prebuild: cleanearth.life@1.0.0
6 silly lifecycle cleanearth.life@1.0.0~prebuild: no script for prebuild, continuing
7 info lifecycle cleanearth.life@1.0.0~build: cleanearth.life@1.0.0
8 verbose lifecycle cleanearth.life@1.0.0~build: unsafe-perm in lifecycle true
9 verbose lifecycle cleanearth.life@1.0.0~build: PATH: C:\Program Files\nodejs\node_modules\npm\bin\node-gyp-bin;D:\Projects\Hackathon\app\node_modules\.bin;C:\ProgramData\Oracle\Java\javapath;C:\Windows\system32;C:\Windows;C:\Windows\System32\Wbem;C:\Windows\System32\WindowsPowerShell\v1.0\;C:\Program Files (x86)\Skype\Phone\;C:\Program Files\Git\cmd;C:\Program Files\Microsoft SQL Server\Client SDK\ODBC\110\Tools\Binn\;C:\Program Files (x86)\Microsoft SQL Server\120\Tools\Binn\;C:\Program Files\Microsoft SQL Server\120\Tools\Binn\;C:\Program Files\Microsoft SQL Server\120\DTS\Binn\;C:\Program Files (x86)\Microsoft SQL Server\120\Tools\Binn\ManagementStudio\;C:\Program Files (x86)\Microsoft SQL Server\120\DTS\Binn\;C:\Program Files\nodejs\;C:\Windows\system32\config\systemprofile\.dnx\bin;C:\Program Files\Microsoft DNX\Dnvm\;C:\Program Files\Microsoft SQL Server\130\Tools\Binn\;D:\ProgramFiles\apache-ant-1.10.1/bin;D:\ProgramFiles\Ruby23-x64\bin;C:\Users\shales\AppData\Local\Microsoft\WindowsApps;C:\Program Files (x86)\apache-maven-3.3.9\bin;C:\Users\shales\AppData\Roaming\npm;C:\Users\shales\AppData\Local\atom\bin
10 verbose lifecycle cleanearth.life@1.0.0~build: CWD: D:\Projects\Hackathon\app
11 silly lifecycle cleanearth.life@1.0.0~build: Args: [ '/d /s /c', 'rm -rf dist/* && webpack' ]
12 silly lifecycle cleanearth.life@1.0.0~build: Returned: code: 2  signal: null
13 info lifecycle cleanearth.life@1.0.0~build: Failed to exec build script
14 verbose stack Error: cleanearth.life@1.0.0 build: `rm -rf dist/* && webpack`
14 verbose stack Exit status 2
14 verbose stack     at EventEmitter.<anonymous> (C:\Program Files\nodejs\node_modules\npm\lib\utils\lifecycle.js:255:16)
14 verbose stack     at emitTwo (events.js:106:13)
14 verbose stack     at EventEmitter.emit (events.js:191:7)
14 verbose stack     at ChildProcess.<anonymous> (C:\Program Files\nodejs\node_modules\npm\lib\utils\spawn.js:40:14)
14 verbose stack     at emitTwo (events.js:106:13)
14 verbose stack     at ChildProcess.emit (events.js:191:7)
14 verbose stack     at maybeClose (internal/child_process.js:877:16)
14 verbose stack     at Process.ChildProcess._handle.onexit (internal/child_process.js:226:5)
15 verbose pkgid cleanearth.life@1.0.0
16 verbose cwd D:\Projects\Hackathon\app
17 error Windows_NT 10.0.14393
18 error argv "C:\\Program Files\\nodejs\\node.exe" "C:\\Program Files\\nodejs\\node_modules\\npm\\bin\\npm-cli.js" "run" "build"
19 error node v6.9.1
20 error npm  v3.10.8
21 error code ELIFECYCLE
22 error cleanearth.life@1.0.0 build: `rm -rf dist/* && webpack`
22 error Exit status 2
23 error Failed at the cleanearth.life@1.0.0 build script 'rm -rf dist/* && webpack'.
23 error Make sure you have the latest version of node.js and npm installed.
23 error If you do, this is most likely a problem with the cleanearth.life package,
23 error not with npm itself.
23 error Tell the author that this fails on your system:
23 error     rm -rf dist/* && webpack
23 error You can get information on how to open an issue for this project with:
23 error     npm bugs cleanearth.life
23 error Or if that isn't available, you can get their info via:
23 error     npm owner ls cleanearth.life
23 error There is likely additional logging output above.
24 verbose exit [ 1, true ]
